<?xml version="1.0" encoding="UTF-8"?>
<ecoReport>
  <ecoStat SalespersonName="David Allen" RevenuePerMile="1.870557" />
</ecoReport>
