<?xml version="1.0" encoding="UTF-8"?>
<ecoReport>
  <ecoStat SalespersonName="David Allen" RevenuePerMile="0.9496676" />
  <ecoStat SalespersonName="Lisa Crispin" RevenuePerMile="4.572474" />
</ecoReport>
